<?xml version="1.0" encoding="UTF-8"?>
<!-- Generated by org.testng.reporters.JUnitReportReporter -->
<testsuite hostname="DESKTOP-N6R7DIR" failures="0" tests="1" name="Pratice2.DummyClassTest2" time="0.020" errors="0" timestamp="2025-06-25T16:27:14 CEST" skipped="0">
  <testcase classname="Pratice2.DummyClassTest2" name="A1Test" time="0.020">
    <system-out>
      <![CDATA[Hello from test 1]]>
    </system-out>
  </testcase> <!-- A1Test -->
  <system-out>
    <![CDATA[Hello from test 1
Hello from class m1 ]]>
  </system-out>
</testsuite> <!-- Pratice2.DummyClassTest2 -->
