<?xml version="1.0" encoding="UTF-8"?>
<!-- Generated by org.testng.reporters.JUnitReportReporter -->
<testsuite hostname="DESKTOP-N6R7DIR" failures="0" tests="1" name="Practice1.DummyClassTest1" time="0.003" errors="0" timestamp="2025-06-25T16:27:14 CEST" skipped="0">
  <testcase classname="Practice1.DummyClassTest1" name="m1Test" time="0.003">
    <system-out>
      <![CDATA[Hello from class m1 ]]>
    </system-out>
  </testcase> <!-- m1Test -->
  <system-out>
    <![CDATA[Hello from test 1
Hello from class m1 ]]>
  </system-out>
</testsuite> <!-- Practice1.DummyClassTest1 -->
